<?xml version="1.0" encoding="UTF-8"?>
<!-- Generated by org.testng.reporters.JUnitReportReporter -->
<testsuite hostname="GNB1DEVLAA2" failures="0" tests="1"
	name="com.hyr.Tests.FirstTest" time="20.960" errors="0"
	timestamp="2023-04-06T10:39:54 IST" skipped="0">
	<testcase classname="com.hyr.Tests.FirstTest" name="TestUserPanel"
		time="20.960" />
	<system-out />
</testsuite> <!-- com.hyr.Tests.FirstTest -->
