<?xml version="1.0" encoding="UTF-8"?>
<!-- Generated by org.testng.reporters.JUnitReportReporter -->
<testsuite hostname="GNB1DEVLAA2" failures="0" tests="1"
	name="com.infinito.Tests.UserLogin" time="11.783" errors="0"
	timestamp="2023-04-06T10:50:15 IST" skipped="0">
	<testcase classname="com.infinito.Tests.UserLogin" name="TestUserPanel"
		time="11.783" />
	<system-out />
</testsuite> <!-- com.infinito.Tests.UserLogin -->
