<?xml version="1.0" encoding="UTF-8"?>
<!-- Generated by org.testng.reporters.JUnitReportReporter -->
<testsuite hostname="GNB1DEVLAA2" failures="0" tests="1"
	name="com.infinito.Tests.FirstTest" time="20.013" errors="0"
	timestamp="2023-04-06T10:41:08 IST" skipped="0">
	<testcase classname="com.infinito.Tests.FirstTest" name="TestUserPanel"
		time="20.013" />
	<system-out />
</testsuite> <!-- com.infinito.Tests.FirstTest -->
